2023-04-06 12:42:13,031 INFO o.a.j.u.JMeterUtils: Setting Locale to en_US
2023-04-06 12:42:13,046 INFO o.a.j.JMeter: Loading user properties from: user.properties
2023-04-06 12:42:13,046 INFO o.a.j.JMeter: Loading system properties from: system.properties
2023-04-06 12:42:13,062 INFO o.a.j.JMeter: Copyright (c) 1998-2022 The Apache Software Foundation
2023-04-06 12:42:13,062 INFO o.a.j.JMeter: Version 5.5
2023-04-06 12:42:13,062 INFO o.a.j.JMeter: java.version=1.8.0_345
2023-04-06 12:42:13,062 INFO o.a.j.JMeter: java.vm.name=OpenJDK 64-Bit Server VM
2023-04-06 12:42:13,062 INFO o.a.j.JMeter: os.name=Windows 10
2023-04-06 12:42:13,062 INFO o.a.j.JMeter: os.arch=amd64
2023-04-06 12:42:13,062 INFO o.a.j.JMeter: os.version=10.0
2023-04-06 12:42:13,062 INFO o.a.j.JMeter: file.encoding=Cp1252
2023-04-06 12:42:13,062 INFO o.a.j.JMeter: java.awt.headless=null
2023-04-06 12:42:13,062 INFO o.a.j.JMeter: Max memory     =1849688064
2023-04-06 12:42:13,062 INFO o.a.j.JMeter: Available Processors =8
2023-04-06 12:42:13,062 INFO o.a.j.JMeter: Default Locale=English (United States)
2023-04-06 12:42:13,062 INFO o.a.j.JMeter: JMeter  Locale=English (United States)
2023-04-06 12:42:13,062 INFO o.a.j.JMeter: JMeterHome=C:\Users\91981\OneDrive\Desktop\jmeter\apache-jmeter-5.5
2023-04-06 12:42:13,062 INFO o.a.j.JMeter: user.dir  =C:\Users\91981\OneDrive\Desktop\jmeter\apache-jmeter-5.5\bin
2023-04-06 12:42:13,062 INFO o.a.j.JMeter: PWD       =C:\Users\91981\OneDrive\Desktop\jmeter\apache-jmeter-5.5\bin
2023-04-06 12:42:13,072 INFO o.a.j.JMeter: IP: 192.168.29.119 Name: Jatin FullName: Jatin
2023-04-06 12:42:13,098 INFO o.a.j.JMeter: Loaded icon properties from org/apache/jmeter/images/icon.properties
2023-04-06 12:42:13,272 INFO o.a.j.JMeterGuiLauncher: Setting LAF to: com.github.weisj.darklaf.DarkLaf:com.github.weisj.darklaf.theme.DarculaTheme
2023-04-06 12:42:15,871 INFO o.j.r.JARSourceHTTP: Found cached repo
2023-04-06 12:42:16,170 INFO o.j.r.PluginManager: Plugins Status: [jpgc-casutg=2.10, jpgc-plugins-manager=1.9, jmeter-core=5.5, jmeter-ftp=5.5, jmeter-http=5.5, jmeter-jdbc=5.5, jmeter-jms=5.5, jmeter-junit=5.5, jmeter-java=5.5, jmeter-ldap=5.5, jmeter-mail=5.5, jmeter-mongodb=5.5, jmeter-native=5.5, jmeter-tcp=5.5, jmeter-components=5.5]
2023-04-06 12:42:27,176 INFO o.a.j.e.StandardJMeterEngine: Running the test!
2023-04-06 12:42:27,176 INFO o.a.j.s.SampleEvent: List of sample_variables: []
2023-04-06 12:42:27,176 INFO o.a.j.s.SampleEvent: List of sample_variables: []
2023-04-06 12:42:27,176 INFO o.a.j.e.u.CompoundVariable: Note: Function class names must contain the string: '.functions.'
2023-04-06 12:42:27,176 INFO o.a.j.e.u.CompoundVariable: Note: Function class names must not contain the string: '.gui.'
2023-04-06 12:42:27,554 INFO o.a.j.g.u.JMeterMenuBar: setRunning(true, *local*)
2023-04-06 12:42:27,727 INFO o.a.j.e.StandardJMeterEngine: No enabled thread groups found
2023-04-06 12:42:27,727 INFO o.a.j.e.StandardJMeterEngine: Notifying test listeners of end of test
2023-04-06 12:42:27,727 INFO o.a.j.s.FileServer: Default base='C:\Users\91981\OneDrive\Desktop\jmeter\apache-jmeter-5.5\bin'
2023-04-06 12:42:27,727 INFO o.a.j.g.u.JMeterMenuBar: setRunning(false, *local*)
2023-04-06 12:42:39,875 INFO o.a.j.g.a.Load: Loading file: C:\Users\91981\OneDrive\Desktop\jmeter\apache-jmeter-5.5\bin\Test Plan.jmx
2023-04-06 12:42:39,875 INFO o.a.j.s.FileServer: Set new base='C:\Users\91981\OneDrive\Desktop\jmeter\apache-jmeter-5.5\bin'
2023-04-06 12:42:40,018 INFO o.a.j.s.SaveService: Testplan (JMX) version: 2.2. Testlog (JTL) version: 2.2
2023-04-06 12:42:40,039 INFO o.a.j.s.SaveService: Using SaveService properties file encoding UTF-8
2023-04-06 12:42:40,039 INFO o.a.j.s.SaveService: Using SaveService properties version 5.0
2023-04-06 12:42:40,049 INFO o.a.j.s.SaveService: Loading file: C:\Users\91981\OneDrive\Desktop\jmeter\apache-jmeter-5.5\bin\Test Plan.jmx
2023-04-06 12:42:40,453 INFO o.a.j.e.KeyToolUtils: keytool found at 'keytool'
2023-04-06 12:42:40,453 INFO o.a.j.p.h.p.ProxyControl: HTTP(S) Test Script Recorder SSL Proxy will use keys that support embedded 3rd party resources in file C:\Users\91981\OneDrive\Desktop\jmeter\apache-jmeter-5.5\bin\proxyserver.jks
2023-04-06 12:42:40,453 INFO o.a.j.p.h.s.HTTPSamplerBase: Parser for text/html is org.apache.jmeter.protocol.http.parser.LagartoBasedHtmlParser
2023-04-06 12:42:40,453 INFO o.a.j.p.h.s.HTTPSamplerBase: Parser for application/xhtml+xml is org.apache.jmeter.protocol.http.parser.LagartoBasedHtmlParser
2023-04-06 12:42:40,453 INFO o.a.j.p.h.s.HTTPSamplerBase: Parser for application/xml is org.apache.jmeter.protocol.http.parser.LagartoBasedHtmlParser
2023-04-06 12:42:40,453 INFO o.a.j.p.h.s.HTTPSamplerBase: Parser for text/xml is org.apache.jmeter.protocol.http.parser.LagartoBasedHtmlParser
2023-04-06 12:42:40,453 INFO o.a.j.p.h.s.HTTPSamplerBase: Parser for text/vnd.wap.wml is org.apache.jmeter.protocol.http.parser.RegexpHTMLParser
2023-04-06 12:42:40,453 INFO o.a.j.p.h.s.HTTPSamplerBase: Parser for text/css is org.apache.jmeter.protocol.http.parser.CssParser
2023-04-06 12:42:40,983 INFO o.a.j.s.FileServer: Set new base='C:\Users\91981\OneDrive\Desktop\jmeter\apache-jmeter-5.5\bin'
2023-04-06 12:42:47,977 INFO o.a.j.e.StandardJMeterEngine: Running the test!
2023-04-06 12:42:47,977 INFO o.a.j.s.SampleEvent: List of sample_variables: []
2023-04-06 12:42:47,993 INFO o.a.j.g.u.JMeterMenuBar: setRunning(true, *local*)
2023-04-06 12:42:48,213 INFO o.a.j.e.StandardJMeterEngine: No enabled thread groups found
2023-04-06 12:42:48,213 INFO o.a.j.e.StandardJMeterEngine: Notifying test listeners of end of test
2023-04-06 12:42:48,213 INFO o.a.j.g.u.JMeterMenuBar: setRunning(false, *local*)
2023-04-06 12:43:05,015 INFO o.a.j.g.a.Load: Loading file: C:\Users\91981\OneDrive\Desktop\jmeter\apache-jmeter-5.5\bin\Flight Search.jmx
2023-04-06 12:43:05,018 INFO o.a.j.s.FileServer: Set new base='C:\Users\91981\OneDrive\Desktop\jmeter\apache-jmeter-5.5\bin'
2023-04-06 12:43:05,018 INFO o.a.j.s.SaveService: Loading file: C:\Users\91981\OneDrive\Desktop\jmeter\apache-jmeter-5.5\bin\Flight Search.jmx
2023-04-06 12:43:05,581 INFO o.a.j.s.SampleResult: Note: Sample TimeStamps are START times
2023-04-06 12:43:05,581 INFO o.a.j.s.SampleResult: sampleresult.default.encoding is set to ISO-8859-1
2023-04-06 12:43:05,581 INFO o.a.j.s.SampleResult: sampleresult.useNanoTime=true
2023-04-06 12:43:05,581 INFO o.a.j.s.SampleResult: sampleresult.nanoThreadSleep=5000
2023-04-06 12:43:05,758 INFO o.a.j.v.ViewResultsFullVisualizer: Add JavaFX to your Java installation if you want to use renderer: org.apache.jmeter.visualizers.RenderInBrowser
2023-04-06 12:43:05,853 INFO o.a.j.s.FileServer: Set new base='C:\Users\91981\OneDrive\Desktop\jmeter\apache-jmeter-5.5\bin'
2023-04-06 12:43:23,027 INFO o.a.j.e.DistributedRunner: Configuring remote engine: 127.0.0.1
2023-04-06 12:43:23,027 INFO o.a.j.r.RmiUtils: Disabling SSL for RMI as server.rmi.ssl.disable is set to 'true'
2023-04-06 12:43:23,153 INFO o.a.j.e.DistributedRunner: Starting distributed test with remote engines: [127.0.0.1] @ April 6, 2023 12:43:23 PM IST (1680765203153)
2023-04-06 12:43:23,169 INFO o.a.j.e.ClientJMeterEngine: running clientengine run method
2023-04-06 12:43:23,169 INFO o.a.j.r.RmiUtils: Disabling SSL for RMI as server.rmi.ssl.disable is set to 'true'
2023-04-06 12:43:23,169 INFO o.a.j.r.RmiUtils: Disabling SSL for RMI as server.rmi.ssl.disable is set to 'true'
2023-04-06 12:43:23,169 INFO o.a.j.r.RmiUtils: Disabling SSL for RMI as server.rmi.ssl.disable is set to 'true'
2023-04-06 12:43:23,169 INFO o.a.j.r.RmiUtils: Disabling SSL for RMI as server.rmi.ssl.disable is set to 'true'
2023-04-06 12:43:23,185 INFO o.a.j.r.RmiUtils: Disabling SSL for RMI as server.rmi.ssl.disable is set to 'true'
2023-04-06 12:43:23,185 INFO o.a.j.r.RmiUtils: Disabling SSL for RMI as server.rmi.ssl.disable is set to 'true'
2023-04-06 12:43:23,200 INFO o.a.j.s.BatchSampleSender: Using batching (client settings) for this run. Thresholds: num=100, time=60000
2023-04-06 12:43:23,200 INFO o.a.j.s.DataStrippingSampleSender: Using DataStrippingSampleSender for this run
2023-04-06 12:43:23,200 INFO o.a.j.r.RmiUtils: Disabling SSL for RMI as server.rmi.ssl.disable is set to 'true'
2023-04-06 12:43:23,200 INFO o.a.j.r.RmiUtils: Disabling SSL for RMI as server.rmi.ssl.disable is set to 'true'
2023-04-06 12:43:23,200 INFO o.a.j.s.BatchSampleSender: Using batching (client settings) for this run. Thresholds: num=100, time=60000
2023-04-06 12:43:23,200 INFO o.a.j.s.DataStrippingSampleSender: Using DataStrippingSampleSender for this run
2023-04-06 12:43:24,793 INFO o.a.j.e.ClientJMeterEngine: sent test to 127.0.0.1 basedir='.'
2023-04-06 12:43:24,793 INFO o.a.j.e.ClientJMeterEngine: Sending properties {}
2023-04-06 12:43:24,832 INFO o.a.j.e.ClientJMeterEngine: sent run command to 127.0.0.1
2023-04-06 12:43:24,832 INFO o.a.j.e.DistributedRunner: Remote engines have been started:[127.0.0.1]
2023-04-06 12:43:25,185 INFO o.a.j.g.u.JMeterMenuBar: setRunning(true, 127.0.0.1)
2023-04-06 12:44:00,154 INFO o.a.j.e.StandardJMeterEngine: Running the test!
2023-04-06 12:44:00,154 INFO o.a.j.s.SampleEvent: List of sample_variables: []
2023-04-06 12:44:00,185 INFO o.a.j.g.u.JMeterMenuBar: setRunning(true, *local*)
2023-04-06 12:44:00,543 INFO o.a.j.e.StandardJMeterEngine: Starting ThreadGroup: 1 : Thread Group
2023-04-06 12:44:00,543 INFO o.a.j.e.StandardJMeterEngine: Starting 25 threads for group Thread Group.
2023-04-06 12:44:00,544 INFO o.a.j.e.StandardJMeterEngine: Thread will continue on error
2023-04-06 12:44:00,544 INFO o.a.j.t.ThreadGroup: Starting thread group... number=1 threads=25 ramp-up=1 delayedStart=false
2023-04-06 12:44:00,545 INFO o.a.j.t.JMeterThread: Thread started: Thread Group 1-1
2023-04-06 12:44:00,584 INFO o.a.j.p.h.s.HTTPHCAbstractImpl: Local host = Jatin
2023-04-06 12:44:00,595 INFO o.a.j.p.h.s.HTTPHC4Impl: HTTP request retry count = 0
2023-04-06 12:44:00,601 INFO o.a.j.t.JMeterThread: Thread started: Thread Group 1-2
2023-04-06 12:44:00,618 INFO o.a.j.t.ThreadGroup: Started thread group number 1
2023-04-06 12:44:00,618 INFO o.a.j.e.StandardJMeterEngine: All thread groups have been started
2023-04-06 12:44:00,643 INFO o.a.j.t.JMeterThread: Thread started: Thread Group 1-3
2023-04-06 12:44:00,685 INFO o.a.j.t.JMeterThread: Thread started: Thread Group 1-4
2023-04-06 12:44:00,712 INFO o.a.j.t.JMeterThread: Thread started: Thread Group 1-5
2023-04-06 12:44:00,752 INFO o.a.j.t.JMeterThread: Thread started: Thread Group 1-6
2023-04-06 12:44:00,791 INFO o.a.j.t.JMeterThread: Thread started: Thread Group 1-7
2023-04-06 12:44:00,836 INFO o.a.j.t.JMeterThread: Thread started: Thread Group 1-8
2023-04-06 12:44:00,875 INFO o.a.j.t.JMeterThread: Thread started: Thread Group 1-9
2023-04-06 12:44:00,912 INFO o.a.j.t.JMeterThread: Thread started: Thread Group 1-10
2023-04-06 12:44:00,952 INFO o.a.j.t.JMeterThread: Thread started: Thread Group 1-11
2023-04-06 12:44:00,993 INFO o.a.j.t.JMeterThread: Thread started: Thread Group 1-12
2023-04-06 12:44:01,035 INFO o.a.j.t.JMeterThread: Thread started: Thread Group 1-13
2023-04-06 12:44:01,072 INFO o.a.j.t.JMeterThread: Thread started: Thread Group 1-14
2023-04-06 12:44:01,113 INFO o.a.j.t.JMeterThread: Thread started: Thread Group 1-15
2023-04-06 12:44:01,152 INFO o.a.j.t.JMeterThread: Thread started: Thread Group 1-16
2023-04-06 12:44:01,193 INFO o.a.j.t.JMeterThread: Thread started: Thread Group 1-17
2023-04-06 12:44:01,230 INFO o.a.j.t.JMeterThread: Thread started: Thread Group 1-18
2023-04-06 12:44:01,272 INFO o.a.j.t.JMeterThread: Thread started: Thread Group 1-19
2023-04-06 12:44:01,313 INFO o.a.j.t.JMeterThread: Thread started: Thread Group 1-20
2023-04-06 12:44:01,352 INFO o.a.j.t.JMeterThread: Thread started: Thread Group 1-21
2023-04-06 12:44:01,390 INFO o.a.j.t.JMeterThread: Thread started: Thread Group 1-22
2023-04-06 12:44:01,430 INFO o.a.j.t.JMeterThread: Thread started: Thread Group 1-23
2023-04-06 12:44:01,469 INFO o.a.j.t.JMeterThread: Thread started: Thread Group 1-24
2023-04-06 12:44:01,508 INFO o.a.j.t.JMeterThread: Thread started: Thread Group 1-25
2023-04-06 12:45:08,228 INFO o.a.j.t.JMeterThread: Thread is done: Thread Group 1-3
2023-04-06 12:45:08,228 INFO o.a.j.t.JMeterThread: Thread finished: Thread Group 1-3
2023-04-06 12:45:08,794 INFO o.a.j.t.JMeterThread: Thread is done: Thread Group 1-1
2023-04-06 12:45:08,794 INFO o.a.j.t.JMeterThread: Thread is done: Thread Group 1-13
2023-04-06 12:45:08,794 INFO o.a.j.t.JMeterThread: Thread is done: Thread Group 1-4
2023-04-06 12:45:08,794 INFO o.a.j.t.JMeterThread: Thread is done: Thread Group 1-17
2023-04-06 12:45:08,794 INFO o.a.j.t.JMeterThread: Thread finished: Thread Group 1-1
2023-04-06 12:45:08,794 INFO o.a.j.t.JMeterThread: Thread is done: Thread Group 1-14
2023-04-06 12:45:08,794 INFO o.a.j.t.JMeterThread: Thread is done: Thread Group 1-16
2023-04-06 12:45:08,794 INFO o.a.j.t.JMeterThread: Thread is done: Thread Group 1-2
2023-04-06 12:45:08,794 INFO o.a.j.t.JMeterThread: Thread finished: Thread Group 1-14
2023-04-06 12:45:08,794 INFO o.a.j.t.JMeterThread: Thread is done: Thread Group 1-12
2023-04-06 12:45:08,794 INFO o.a.j.t.JMeterThread: Thread finished: Thread Group 1-2
2023-04-06 12:45:08,794 INFO o.a.j.t.JMeterThread: Thread finished: Thread Group 1-12
2023-04-06 12:45:08,794 INFO o.a.j.t.JMeterThread: Thread is done: Thread Group 1-15
2023-04-06 12:45:08,794 INFO o.a.j.t.JMeterThread: Thread is done: Thread Group 1-7
2023-04-06 12:45:08,794 INFO o.a.j.t.JMeterThread: Thread is done: Thread Group 1-9
2023-04-06 12:45:08,794 INFO o.a.j.t.JMeterThread: Thread finished: Thread Group 1-15
2023-04-06 12:45:08,794 INFO o.a.j.t.JMeterThread: Thread is done: Thread Group 1-19
2023-04-06 12:45:08,805 INFO o.a.j.t.JMeterThread: Thread finished: Thread Group 1-16
2023-04-06 12:45:08,794 INFO o.a.j.t.JMeterThread: Thread is done: Thread Group 1-6
2023-04-06 12:45:08,805 INFO o.a.j.t.JMeterThread: Thread finished: Thread Group 1-19
2023-04-06 12:45:08,805 INFO o.a.j.t.JMeterThread: Thread finished: Thread Group 1-6
2023-04-06 12:45:08,794 INFO o.a.j.t.JMeterThread: Thread is done: Thread Group 1-8
2023-04-06 12:45:08,794 INFO o.a.j.t.JMeterThread: Thread is done: Thread Group 1-18
2023-04-06 12:45:08,794 INFO o.a.j.t.JMeterThread: Thread finished: Thread Group 1-4
2023-04-06 12:45:08,794 INFO o.a.j.t.JMeterThread: Thread is done: Thread Group 1-5
2023-04-06 12:45:08,808 INFO o.a.j.t.JMeterThread: Thread finished: Thread Group 1-8
2023-04-06 12:45:08,808 INFO o.a.j.t.JMeterThread: Thread finished: Thread Group 1-18
2023-04-06 12:45:08,808 INFO o.a.j.t.JMeterThread: Thread finished: Thread Group 1-5
2023-04-06 12:45:08,808 INFO o.a.j.t.JMeterThread: Thread finished: Thread Group 1-17
2023-04-06 12:45:08,794 INFO o.a.j.t.JMeterThread: Thread is done: Thread Group 1-11
2023-04-06 12:45:08,808 INFO o.a.j.t.JMeterThread: Thread finished: Thread Group 1-11
2023-04-06 12:45:08,805 INFO o.a.j.t.JMeterThread: Thread is done: Thread Group 1-10
2023-04-06 12:45:08,805 INFO o.a.j.t.JMeterThread: Thread finished: Thread Group 1-9
2023-04-06 12:45:08,813 INFO o.a.j.t.JMeterThread: Thread finished: Thread Group 1-10
2023-04-06 12:45:08,804 INFO o.a.j.t.JMeterThread: Thread finished: Thread Group 1-13
2023-04-06 12:45:08,804 INFO o.a.j.t.JMeterThread: Thread finished: Thread Group 1-7
2023-04-06 12:45:08,954 INFO o.a.j.t.JMeterThread: Thread is done: Thread Group 1-20
2023-04-06 12:45:08,954 INFO o.a.j.t.JMeterThread: Thread is done: Thread Group 1-24
2023-04-06 12:45:08,954 INFO o.a.j.t.JMeterThread: Thread finished: Thread Group 1-20
2023-04-06 12:45:08,954 INFO o.a.j.t.JMeterThread: Thread finished: Thread Group 1-24
2023-04-06 12:45:09,300 INFO o.a.j.t.JMeterThread: Thread is done: Thread Group 1-21
2023-04-06 12:45:09,300 INFO o.a.j.t.JMeterThread: Thread is done: Thread Group 1-22
2023-04-06 12:45:09,300 INFO o.a.j.t.JMeterThread: Thread is done: Thread Group 1-23
2023-04-06 12:45:09,300 INFO o.a.j.t.JMeterThread: Thread is done: Thread Group 1-25
2023-04-06 12:45:09,300 INFO o.a.j.t.JMeterThread: Thread finished: Thread Group 1-21
2023-04-06 12:45:09,300 INFO o.a.j.t.JMeterThread: Thread finished: Thread Group 1-22
2023-04-06 12:45:09,300 INFO o.a.j.t.JMeterThread: Thread finished: Thread Group 1-25
2023-04-06 12:45:09,300 INFO o.a.j.t.JMeterThread: Thread finished: Thread Group 1-23
2023-04-06 12:45:09,300 INFO o.a.j.e.StandardJMeterEngine: Notifying test listeners of end of test
2023-04-06 12:45:09,300 INFO o.a.j.g.u.JMeterMenuBar: setRunning(false, *local*)
2023-04-06 12:45:40,881 INFO o.a.j.g.u.JMeterMenuBar: setRunning(false, 127.0.0.1)
2023-04-06 14:41:40,006 INFO o.a.j.e.StandardJMeterEngine: Running the test!
2023-04-06 14:41:40,006 INFO o.a.j.s.SampleEvent: List of sample_variables: []
2023-04-06 14:41:40,022 INFO o.a.j.g.u.JMeterMenuBar: setRunning(true, *local*)
2023-04-06 14:41:40,203 INFO o.a.j.e.StandardJMeterEngine: Starting ThreadGroup: 1 : Thread Group
2023-04-06 14:41:40,203 INFO o.a.j.e.StandardJMeterEngine: Starting 25 threads for group Thread Group.
2023-04-06 14:41:40,203 INFO o.a.j.e.StandardJMeterEngine: Thread will continue on error
2023-04-06 14:41:40,203 INFO o.a.j.t.ThreadGroup: Starting thread group... number=1 threads=25 ramp-up=1 delayedStart=false
2023-04-06 14:41:40,219 INFO o.a.j.t.JMeterThread: Thread started: Thread Group 1-1
2023-04-06 14:41:40,266 INFO o.a.j.t.JMeterThread: Thread started: Thread Group 1-2
2023-04-06 14:41:40,290 INFO o.a.j.t.ThreadGroup: Started thread group number 1
2023-04-06 14:41:40,290 INFO o.a.j.e.StandardJMeterEngine: All thread groups have been started
2023-04-06 14:41:40,307 INFO o.a.j.t.JMeterThread: Thread started: Thread Group 1-3
2023-04-06 14:41:40,337 INFO o.a.j.t.JMeterThread: Thread started: Thread Group 1-4
2023-04-06 14:41:40,372 INFO o.a.j.t.JMeterThread: Thread started: Thread Group 1-5
2023-04-06 14:41:40,413 INFO o.a.j.t.JMeterThread: Thread started: Thread Group 1-6
2023-04-06 14:41:40,448 INFO o.a.j.t.JMeterThread: Thread started: Thread Group 1-7
2023-04-06 14:41:40,495 INFO o.a.j.t.JMeterThread: Thread started: Thread Group 1-8
2023-04-06 14:41:40,532 INFO o.a.j.t.JMeterThread: Thread started: Thread Group 1-9
2023-04-06 14:41:40,607 INFO o.a.j.t.JMeterThread: Thread started: Thread Group 1-10
2023-04-06 14:41:40,624 INFO o.a.j.t.JMeterThread: Thread started: Thread Group 1-11
2023-04-06 14:41:40,651 INFO o.a.j.t.JMeterThread: Thread started: Thread Group 1-12
2023-04-06 14:41:40,687 INFO o.a.j.t.JMeterThread: Thread started: Thread Group 1-13
2023-04-06 14:41:40,739 INFO o.a.j.t.JMeterThread: Thread started: Thread Group 1-14
2023-04-06 14:41:40,769 INFO o.a.j.t.JMeterThread: Thread started: Thread Group 1-15
2023-04-06 14:41:40,821 INFO o.a.j.t.JMeterThread: Thread started: Thread Group 1-16
2023-04-06 14:41:40,875 INFO o.a.j.t.JMeterThread: Thread started: Thread Group 1-17
2023-04-06 14:41:40,897 INFO o.a.j.t.JMeterThread: Thread started: Thread Group 1-18
2023-04-06 14:41:40,937 INFO o.a.j.t.JMeterThread: Thread started: Thread Group 1-19
2023-04-06 14:41:40,979 INFO o.a.j.t.JMeterThread: Thread started: Thread Group 1-20
2023-04-06 14:41:41,034 INFO o.a.j.t.JMeterThread: Thread started: Thread Group 1-21
2023-04-06 14:41:41,052 INFO o.a.j.t.JMeterThread: Thread started: Thread Group 1-22
2023-04-06 14:41:41,085 INFO o.a.j.t.JMeterThread: Thread started: Thread Group 1-23
2023-04-06 14:41:41,135 INFO o.a.j.t.JMeterThread: Thread started: Thread Group 1-24
2023-04-06 14:41:41,179 INFO o.a.j.t.JMeterThread: Thread started: Thread Group 1-25
2023-04-06 14:42:47,614 INFO o.a.j.t.JMeterThread: Thread is done: Thread Group 1-2
2023-04-06 14:42:47,614 INFO o.a.j.t.JMeterThread: Thread finished: Thread Group 1-2
2023-04-06 14:42:47,630 INFO o.a.j.t.JMeterThread: Thread is done: Thread Group 1-1
2023-04-06 14:42:47,630 INFO o.a.j.t.JMeterThread: Thread finished: Thread Group 1-1
2023-04-06 14:42:47,645 INFO o.a.j.t.JMeterThread: Thread is done: Thread Group 1-5
2023-04-06 14:42:47,645 INFO o.a.j.t.JMeterThread: Thread is done: Thread Group 1-3
2023-04-06 14:42:47,645 INFO o.a.j.t.JMeterThread: Thread is done: Thread Group 1-4
2023-04-06 14:42:47,645 INFO o.a.j.t.JMeterThread: Thread finished: Thread Group 1-3
2023-04-06 14:42:47,645 INFO o.a.j.t.JMeterThread: Thread finished: Thread Group 1-5
2023-04-06 14:42:47,645 INFO o.a.j.t.JMeterThread: Thread finished: Thread Group 1-4
2023-04-06 14:42:47,695 INFO o.a.j.t.JMeterThread: Thread is done: Thread Group 1-6
2023-04-06 14:42:47,695 INFO o.a.j.t.JMeterThread: Thread finished: Thread Group 1-6
2023-04-06 14:42:47,901 INFO o.a.j.g.a.Start: Stopping test
2023-04-06 14:42:47,917 INFO o.a.j.t.JMeterThread: Thread is done: Thread Group 1-8
2023-04-06 14:42:47,917 INFO o.a.j.t.JMeterThread: Thread is done: Thread Group 1-9
2023-04-06 14:42:47,917 INFO o.a.j.t.JMeterThread: Thread finished: Thread Group 1-8
2023-04-06 14:42:47,917 INFO o.a.j.t.JMeterThread: Thread finished: Thread Group 1-9
2023-04-06 14:42:47,933 INFO o.a.j.t.JMeterThread: Stopping: Thread Group 1-10
2023-04-06 14:42:47,933 WARN o.a.j.t.JMeterThread: Interrupting: Thread Group 1-10 sampler: /cgi-bin/reservations.pl-1,531
2023-04-06 14:42:47,933 INFO o.a.j.t.JMeterThread: Stopping: Thread Group 1-23
2023-04-06 14:42:47,933 WARN o.a.j.t.JMeterThread: Interrupting: Thread Group 1-23 sampler: /cgi-bin/reservations.pl-1,531
2023-04-06 14:42:47,933 INFO o.a.j.t.JMeterThread: Stopping: Thread Group 1-24
2023-04-06 14:42:47,933 INFO o.a.j.t.JMeterThread: Thread is done: Thread Group 1-10
2023-04-06 14:42:47,933 WARN o.a.j.t.JMeterThread: Interrupting: Thread Group 1-24 sampler: /cgi-bin/reservations.pl-1,531
2023-04-06 14:42:47,933 INFO o.a.j.t.JMeterThread: Thread finished: Thread Group 1-10
2023-04-06 14:42:47,933 INFO o.a.j.t.JMeterThread: Thread is done: Thread Group 1-23
2023-04-06 14:42:47,933 INFO o.a.j.t.JMeterThread: Thread finished: Thread Group 1-23
2023-04-06 14:42:47,945 INFO o.a.j.t.JMeterThread: Stopping: Thread Group 1-17
2023-04-06 14:42:47,945 WARN o.a.j.t.JMeterThread: Interrupting: Thread Group 1-17 sampler: /cgi-bin/reservations.pl-1,531
2023-04-06 14:42:47,945 INFO o.a.j.t.JMeterThread: Stopping: Thread Group 1-15
2023-04-06 14:42:47,945 INFO o.a.j.t.JMeterThread: Thread is done: Thread Group 1-24
2023-04-06 14:42:47,948 WARN o.a.j.t.JMeterThread: Interrupting: Thread Group 1-15 sampler: /cgi-bin/reservations.pl-1,531
2023-04-06 14:42:47,948 INFO o.a.j.t.JMeterThread: Thread finished: Thread Group 1-24
2023-04-06 14:42:47,948 INFO o.a.j.t.JMeterThread: Thread is done: Thread Group 1-17
2023-04-06 14:42:47,948 INFO o.a.j.t.JMeterThread: Stopping: Thread Group 1-21
2023-04-06 14:42:47,950 WARN o.a.j.t.JMeterThread: Interrupting: Thread Group 1-21 sampler: /cgi-bin/reservations.pl-1,531
2023-04-06 14:42:47,950 INFO o.a.j.t.JMeterThread: Thread finished: Thread Group 1-17
2023-04-06 14:42:47,950 INFO o.a.j.t.JMeterThread: Thread is done: Thread Group 1-15
2023-04-06 14:42:47,950 INFO o.a.j.t.JMeterThread: Thread finished: Thread Group 1-15
2023-04-06 14:42:47,950 INFO o.a.j.t.JMeterThread: Stopping: Thread Group 1-16
2023-04-06 14:42:47,950 WARN o.a.j.t.JMeterThread: Interrupting: Thread Group 1-16 sampler: /cgi-bin/reservations.pl-1,531
2023-04-06 14:42:47,950 INFO o.a.j.t.JMeterThread: Thread is done: Thread Group 1-21
2023-04-06 14:42:47,950 INFO o.a.j.t.JMeterThread: Stopping: Thread Group 1-14
2023-04-06 14:42:47,950 INFO o.a.j.t.JMeterThread: Thread finished: Thread Group 1-21
2023-04-06 14:42:47,954 WARN o.a.j.t.JMeterThread: Interrupting: Thread Group 1-14 sampler: /cgi-bin/reservations.pl-1,531
2023-04-06 14:42:47,954 INFO o.a.j.t.JMeterThread: Stopping: Thread Group 1-12
2023-04-06 14:42:47,954 INFO o.a.j.t.JMeterThread: Thread is done: Thread Group 1-16
2023-04-06 14:42:47,954 INFO o.a.j.t.JMeterThread: Thread finished: Thread Group 1-16
2023-04-06 14:42:47,954 WARN o.a.j.t.JMeterThread: Interrupting: Thread Group 1-12 sampler: /cgi-bin/reservations.pl-1,531
2023-04-06 14:42:47,954 INFO o.a.j.t.JMeterThread: Thread is done: Thread Group 1-14
2023-04-06 14:42:47,957 INFO o.a.j.t.JMeterThread: Thread finished: Thread Group 1-14
2023-04-06 14:42:47,957 INFO o.a.j.t.JMeterThread: Stopping: Thread Group 1-18
2023-04-06 14:42:47,957 WARN o.a.j.t.JMeterThread: Interrupting: Thread Group 1-18 sampler: /cgi-bin/reservations.pl-1,531
2023-04-06 14:42:47,958 INFO o.a.j.t.JMeterThread: Thread is done: Thread Group 1-12
2023-04-06 14:42:47,959 INFO o.a.j.t.JMeterThread: Thread finished: Thread Group 1-12
2023-04-06 14:42:47,959 INFO o.a.j.t.JMeterThread: Stopping: Thread Group 1-19
2023-04-06 14:42:47,961 INFO o.a.j.t.JMeterThread: Thread is done: Thread Group 1-18
2023-04-06 14:42:47,961 WARN o.a.j.t.JMeterThread: Interrupting: Thread Group 1-19 sampler: /cgi-bin/reservations.pl-1,531
2023-04-06 14:42:47,961 INFO o.a.j.t.JMeterThread: Thread finished: Thread Group 1-18
2023-04-06 14:42:47,962 INFO o.a.j.t.JMeterThread: Stopping: Thread Group 1-25
2023-04-06 14:42:47,963 INFO o.a.j.t.JMeterThread: Thread is done: Thread Group 1-19
2023-04-06 14:42:47,963 WARN o.a.j.t.JMeterThread: Interrupting: Thread Group 1-25 sampler: /cgi-bin/reservations.pl-1,531
2023-04-06 14:42:47,963 INFO o.a.j.t.JMeterThread: Thread finished: Thread Group 1-19
2023-04-06 14:42:47,964 INFO o.a.j.t.JMeterThread: Stopping: Thread Group 1-13
2023-04-06 14:42:47,964 WARN o.a.j.t.JMeterThread: Interrupting: Thread Group 1-13 sampler: /cgi-bin/reservations.pl-1,531
2023-04-06 14:42:47,965 INFO o.a.j.t.JMeterThread: Thread is done: Thread Group 1-25
2023-04-06 14:42:47,965 INFO o.a.j.t.JMeterThread: Thread is done: Thread Group 1-7
2023-04-06 14:42:47,965 INFO o.a.j.t.JMeterThread: Thread finished: Thread Group 1-25
2023-04-06 14:42:47,965 INFO o.a.j.t.JMeterThread: Thread finished: Thread Group 1-7
2023-04-06 14:42:47,966 INFO o.a.j.t.JMeterThread: Thread is done: Thread Group 1-13
2023-04-06 14:42:47,966 INFO o.a.j.t.JMeterThread: Thread finished: Thread Group 1-13
2023-04-06 14:42:47,966 INFO o.a.j.t.JMeterThread: Stopping: Thread Group 1-20
2023-04-06 14:42:47,966 WARN o.a.j.t.JMeterThread: Interrupting: Thread Group 1-20 sampler: /cgi-bin/reservations.pl-1,531
2023-04-06 14:42:47,967 INFO o.a.j.t.JMeterThread: Stopping: Thread Group 1-11
2023-04-06 14:42:47,967 INFO o.a.j.t.JMeterThread: Thread is done: Thread Group 1-20
2023-04-06 14:42:47,967 WARN o.a.j.t.JMeterThread: Interrupting: Thread Group 1-11 sampler: /cgi-bin/reservations.pl-1,531
2023-04-06 14:42:47,967 INFO o.a.j.t.JMeterThread: Thread finished: Thread Group 1-20
2023-04-06 14:42:47,968 INFO o.a.j.t.JMeterThread: Stopping: Thread Group 1-22
2023-04-06 14:42:47,968 WARN o.a.j.t.JMeterThread: Interrupting: Thread Group 1-22 sampler: /cgi-bin/reservations.pl-1,531
2023-04-06 14:42:47,969 INFO o.a.j.t.JMeterThread: Thread is done: Thread Group 1-11
2023-04-06 14:42:47,969 INFO o.a.j.t.JMeterThread: Thread finished: Thread Group 1-11
2023-04-06 14:42:47,970 INFO o.a.j.t.JMeterThread: Thread is done: Thread Group 1-22
2023-04-06 14:42:47,970 INFO o.a.j.t.JMeterThread: Thread finished: Thread Group 1-22
2023-04-06 14:42:47,970 INFO o.a.j.e.StandardJMeterEngine: Notifying test listeners of end of test
2023-04-06 14:42:47,970 INFO o.a.j.g.u.JMeterMenuBar: setRunning(false, *local*)
2023-04-06 14:42:51,788 INFO o.a.j.g.a.Load: Loading file: C:\Users\91981\OneDrive\Desktop\jmeter\apache-jmeter-5.5\bin\cookie manager.jmx
2023-04-06 14:42:51,788 INFO o.a.j.s.FileServer: Set new base='C:\Users\91981\OneDrive\Desktop\jmeter\apache-jmeter-5.5\bin'
2023-04-06 14:42:51,788 INFO o.a.j.s.SaveService: Loading file: C:\Users\91981\OneDrive\Desktop\jmeter\apache-jmeter-5.5\bin\cookie manager.jmx
2023-04-06 14:42:51,874 INFO o.a.j.p.h.c.CookieManager: Settings: Delete null: true Check: true Allow variable: true Save: false Prefix: COOKIE_
2023-04-06 14:42:52,082 INFO o.a.j.v.ViewResultsFullVisualizer: Add JavaFX to your Java installation if you want to use renderer: org.apache.jmeter.visualizers.RenderInBrowser
2023-04-06 14:42:52,209 INFO o.a.j.v.ViewResultsFullVisualizer: Add JavaFX to your Java installation if you want to use renderer: org.apache.jmeter.visualizers.RenderInBrowser
2023-04-06 14:42:52,353 INFO o.a.j.v.ViewResultsFullVisualizer: Add JavaFX to your Java installation if you want to use renderer: org.apache.jmeter.visualizers.RenderInBrowser
2023-04-06 14:42:52,425 INFO o.a.j.s.FileServer: Set new base='C:\Users\91981\OneDrive\Desktop\jmeter\apache-jmeter-5.5\bin'
2023-04-06 14:43:04,413 INFO o.a.j.e.StandardJMeterEngine: Running the test!
2023-04-06 14:43:04,418 INFO o.a.j.s.SampleEvent: List of sample_variables: []
2023-04-06 14:43:04,422 INFO o.a.j.g.u.JMeterMenuBar: setRunning(true, *local*)
2023-04-06 14:43:04,678 INFO o.a.j.e.StandardJMeterEngine: Starting ThreadGroup: 1 : Thread Group
2023-04-06 14:43:04,679 INFO o.a.j.e.StandardJMeterEngine: Starting 1 threads for group Thread Group.
2023-04-06 14:43:04,679 INFO o.a.j.e.StandardJMeterEngine: Thread will continue on error
2023-04-06 14:43:04,679 INFO o.a.j.t.ThreadGroup: Starting thread group... number=1 threads=1 ramp-up=1 delayedStart=false
2023-04-06 14:43:04,680 INFO o.a.j.t.ThreadGroup: Started thread group number 1
2023-04-06 14:43:04,680 INFO o.a.j.e.StandardJMeterEngine: All thread groups have been started
2023-04-06 14:43:04,680 INFO o.a.j.t.JMeterThread: Thread started: Thread Group 1-1
2023-04-06 14:43:04,892 INFO o.a.j.p.h.s.h.LazyLayeredConnectionSocketFactory: Setting up HTTPS TrustAll Socket Factory
2023-04-06 14:43:04,892 INFO o.a.j.u.JsseSSLManager: Using default SSL protocol: TLS
2023-04-06 14:43:04,892 INFO o.a.j.u.JsseSSLManager: SSL session context: per-thread
2023-04-06 14:43:05,145 INFO o.a.j.u.SSLManager: JmeterKeyStore Location:  type JKS
2023-04-06 14:43:05,145 INFO o.a.j.u.SSLManager: KeyStore created OK
2023-04-06 14:43:05,145 WARN o.a.j.u.SSLManager: Keystore file not found, loading empty keystore
2023-04-06 14:43:06,825 INFO o.a.j.t.JMeterThread: Thread is done: Thread Group 1-1
2023-04-06 14:43:06,825 INFO o.a.j.t.JMeterThread: Thread finished: Thread Group 1-1
2023-04-06 14:43:06,825 INFO o.a.j.e.StandardJMeterEngine: Notifying test listeners of end of test
2023-04-06 14:43:06,825 INFO o.a.j.g.u.JMeterMenuBar: setRunning(false, *local*)
2023-04-06 14:45:19,926 INFO o.a.j.e.StandardJMeterEngine: Running the test!
2023-04-06 14:45:19,926 INFO o.a.j.s.SampleEvent: List of sample_variables: []
2023-04-06 14:45:19,931 INFO o.a.j.g.u.JMeterMenuBar: setRunning(true, *local*)
2023-04-06 14:45:19,936 INFO o.a.j.e.StandardJMeterEngine: Starting ThreadGroup: 1 : Thread Group
2023-04-06 14:45:19,937 INFO o.a.j.e.StandardJMeterEngine: Starting 1 threads for group Thread Group.
2023-04-06 14:45:19,937 INFO o.a.j.e.StandardJMeterEngine: Thread will continue on error
2023-04-06 14:45:19,937 INFO o.a.j.t.ThreadGroup: Starting thread group... number=1 threads=1 ramp-up=1 delayedStart=false
2023-04-06 14:45:19,937 INFO o.a.j.t.ThreadGroup: Started thread group number 1
2023-04-06 14:45:19,937 INFO o.a.j.e.StandardJMeterEngine: All thread groups have been started
2023-04-06 14:45:19,937 INFO o.a.j.t.JMeterThread: Thread started: Thread Group 1-1
2023-04-06 14:45:21,995 INFO o.a.j.t.JMeterThread: Thread is done: Thread Group 1-1
2023-04-06 14:45:21,995 INFO o.a.j.t.JMeterThread: Thread finished: Thread Group 1-1
2023-04-06 14:45:21,998 INFO o.a.j.e.StandardJMeterEngine: Notifying test listeners of end of test
2023-04-06 14:45:21,998 INFO o.a.j.g.u.JMeterMenuBar: setRunning(false, *local*)
2023-04-06 14:47:59,603 INFO o.a.j.v.ViewResultsFullVisualizer: Add JavaFX to your Java installation if you want to use renderer: org.apache.jmeter.visualizers.RenderInBrowser
