2023-04-06 12:32:58,000 INFO o.a.j.u.JMeterUtils: Setting Locale to en_EN
2023-04-06 12:32:58,016 INFO o.a.j.JMeter: Loading user properties from: user.properties
2023-04-06 12:32:58,028 INFO o.a.j.JMeter: Loading system properties from: system.properties
2023-04-06 12:32:58,029 INFO o.a.j.JMeter: Copyright (c) 1998-2022 The Apache Software Foundation
2023-04-06 12:32:58,029 INFO o.a.j.JMeter: Version 5.5
2023-04-06 12:32:58,029 INFO o.a.j.JMeter: java.version=1.8.0_345
2023-04-06 12:32:58,029 INFO o.a.j.JMeter: java.vm.name=OpenJDK 64-Bit Server VM
2023-04-06 12:32:58,029 INFO o.a.j.JMeter: os.name=Windows 10
2023-04-06 12:32:58,029 INFO o.a.j.JMeter: os.arch=amd64
2023-04-06 12:32:58,029 INFO o.a.j.JMeter: os.version=10.0
2023-04-06 12:32:58,029 INFO o.a.j.JMeter: file.encoding=Cp1252
2023-04-06 12:32:58,029 INFO o.a.j.JMeter: java.awt.headless=true
2023-04-06 12:32:58,029 INFO o.a.j.JMeter: Max memory     =1073741824
2023-04-06 12:32:58,029 INFO o.a.j.JMeter: Available Processors =8
2023-04-06 12:32:58,045 INFO o.a.j.JMeter: Default Locale=English (EN)
2023-04-06 12:32:58,045 INFO o.a.j.JMeter: JMeter  Locale=English (EN)
2023-04-06 12:32:58,045 INFO o.a.j.JMeter: JMeterHome=C:\Users\91981\OneDrive\Desktop\jmeter\apache-jmeter-5.5
2023-04-06 12:32:58,045 INFO o.a.j.JMeter: user.dir  =C:\Users\91981\OneDrive\Desktop\jmeter\apache-jmeter-5.5\bin
2023-04-06 12:32:58,045 INFO o.a.j.JMeter: PWD       =C:\Users\91981\OneDrive\Desktop\jmeter\apache-jmeter-5.5\bin
2023-04-06 12:32:58,045 INFO o.a.j.JMeter: IP: 192.168.29.119 Name: Jatin FullName: Jatin
2023-04-06 12:32:58,060 INFO o.a.j.r.RmiUtils: Disabling SSL for RMI as server.rmi.ssl.disable is set to 'true'
2023-04-06 12:32:58,060 INFO o.a.j.r.RmiUtils: Disabling SSL for RMI as server.rmi.ssl.disable is set to 'true'
2023-04-06 12:32:58,329 INFO o.a.j.e.RemoteJMeterEngineImpl: Starting backing engine on 1099
2023-04-06 12:32:58,329 INFO o.a.j.r.RmiUtils: System property 'java.rmi.server.hostname' is not defined, using localHost address
2023-04-06 12:32:58,332 INFO o.a.j.r.RmiUtils: Local IP address=192.168.29.119
2023-04-06 12:32:58,332 INFO o.a.j.e.RemoteJMeterEngineImpl: IP address is a site-local address; this may cause problems with remote access.
	Can be overridden by defining the system property 'java.rmi.server.hostname' - see jmeter-server script file
2023-04-06 12:32:58,332 INFO o.a.j.e.RemoteJMeterEngineImpl: Creating RMI registry (server.rmi.create=true)
2023-04-06 12:32:58,332 INFO o.a.j.r.RmiUtils: Disabling SSL for RMI as server.rmi.ssl.disable is set to 'true'
2023-04-06 12:32:58,332 INFO o.a.j.r.RmiUtils: Disabling SSL for RMI as server.rmi.ssl.disable is set to 'true'
2023-04-06 12:32:58,332 INFO o.a.j.e.RemoteJMeterEngineImpl: Bound to RMI registry on port 1099
2023-04-06 12:43:23,604 INFO o.a.j.e.KeyToolUtils: keytool found at 'keytool'
2023-04-06 12:43:23,604 INFO o.a.j.p.h.p.ProxyControl: HTTP(S) Test Script Recorder SSL Proxy will use keys that support embedded 3rd party resources in file C:\Users\91981\OneDrive\Desktop\jmeter\apache-jmeter-5.5\bin\proxyserver.jks
2023-04-06 12:43:23,660 INFO o.a.j.s.SampleEvent: List of sample_variables: []
2023-04-06 12:43:23,738 INFO o.a.j.p.h.s.HTTPSamplerBase: Parser for text/html is org.apache.jmeter.protocol.http.parser.LagartoBasedHtmlParser
2023-04-06 12:43:23,738 INFO o.a.j.p.h.s.HTTPSamplerBase: Parser for application/xhtml+xml is org.apache.jmeter.protocol.http.parser.LagartoBasedHtmlParser
2023-04-06 12:43:23,738 INFO o.a.j.p.h.s.HTTPSamplerBase: Parser for application/xml is org.apache.jmeter.protocol.http.parser.LagartoBasedHtmlParser
2023-04-06 12:43:23,738 INFO o.a.j.p.h.s.HTTPSamplerBase: Parser for text/xml is org.apache.jmeter.protocol.http.parser.LagartoBasedHtmlParser
2023-04-06 12:43:23,738 INFO o.a.j.p.h.s.HTTPSamplerBase: Parser for text/vnd.wap.wml is org.apache.jmeter.protocol.http.parser.RegexpHTMLParser
2023-04-06 12:43:23,738 INFO o.a.j.p.h.s.HTTPSamplerBase: Parser for text/css is org.apache.jmeter.protocol.http.parser.CssParser
2023-04-06 12:43:23,827 INFO o.a.j.s.BatchSampleSender: Using batching for this run. Thresholds: num=100, time=60000
2023-04-06 12:43:23,827 INFO o.a.j.s.DataStrippingSampleSender: Using DataStrippingSampleSender for this run with stripAlsoOnError: true
2023-04-06 12:43:24,662 INFO o.a.j.s.BatchSampleSender: Using batching for this run. Thresholds: num=100, time=60000
2023-04-06 12:43:24,662 INFO o.a.j.s.DataStrippingSampleSender: Using DataStrippingSampleSender for this run with stripAlsoOnError: true
2023-04-06 12:43:24,765 INFO o.a.j.e.RemoteJMeterEngineImpl: Creating JMeter engine on host 127.0.0.1 base '.'
2023-04-06 12:43:24,765 INFO o.a.j.e.RemoteJMeterEngineImpl: Remote client host: 192.168.29.119
2023-04-06 12:43:24,788 INFO o.a.j.s.FileServer: Default base='C:\Users\91981\OneDrive\Desktop\jmeter\apache-jmeter-5.5\bin'
2023-04-06 12:43:24,792 INFO o.a.j.s.FileServer: Set new base='.'
2023-04-06 12:43:24,798 INFO o.a.j.e.StandardJMeterEngine: Applying properties {}
2023-04-06 12:43:24,800 INFO o.a.j.e.RemoteJMeterEngineImpl: Running test
2023-04-06 12:43:24,836 INFO o.a.j.e.StandardJMeterEngine: Running the test!
2023-04-06 12:43:24,838 INFO o.a.j.s.SampleEvent: List of sample_variables: []
2023-04-06 12:43:24,876 INFO o.a.j.e.u.CompoundVariable: Note: Function class names must contain the string: '.functions.'
2023-04-06 12:43:24,876 INFO o.a.j.e.u.CompoundVariable: Note: Function class names must not contain the string: '.gui.'
2023-04-06 12:43:25,285 INFO o.a.j.e.StandardJMeterEngine: Starting ThreadGroup: 1 : Thread Group
2023-04-06 12:43:25,285 INFO o.a.j.e.StandardJMeterEngine: Starting 1 threads for group Thread Group.
2023-04-06 12:43:25,285 INFO o.a.j.e.StandardJMeterEngine: Thread will continue on error
2023-04-06 12:43:25,285 INFO o.a.j.t.ThreadGroup: Starting thread group... number=1 threads=1 ramp-up=1 delayedStart=false
2023-04-06 12:43:25,320 INFO o.a.j.t.ThreadGroup: Started thread group number 1
2023-04-06 12:43:25,320 INFO o.a.j.e.StandardJMeterEngine: All thread groups have been started
2023-04-06 12:43:25,337 INFO o.a.j.s.SampleResult: Note: Sample TimeStamps are START times
2023-04-06 12:43:25,337 INFO o.a.j.s.SampleResult: sampleresult.default.encoding is set to ISO-8859-1
2023-04-06 12:43:25,337 INFO o.a.j.s.SampleResult: sampleresult.useNanoTime=true
2023-04-06 12:43:25,337 INFO o.a.j.s.SampleResult: sampleresult.nanoThreadSleep=5000
2023-04-06 12:43:25,337 INFO o.a.j.t.JMeterThread: Thread started: 127.0.0.1-Thread Group 1-1
2023-04-06 12:43:25,400 INFO o.a.j.p.h.s.HTTPHCAbstractImpl: Local host = Jatin
2023-04-06 12:43:25,418 INFO o.a.j.p.h.s.HTTPHC4Impl: HTTP request retry count = 0
2023-04-06 12:45:40,867 INFO o.a.j.t.JMeterThread: Thread is done: 127.0.0.1-Thread Group 1-1
2023-04-06 12:45:40,867 INFO o.a.j.t.JMeterThread: Thread finished: 127.0.0.1-Thread Group 1-1
2023-04-06 12:45:40,867 INFO o.a.j.e.StandardJMeterEngine: Notifying test listeners of end of test
2023-04-06 12:45:40,867 INFO o.a.j.s.DataStrippingSampleSender: Test Ended on 127.0.0.1
2023-04-06 12:45:40,867 INFO o.a.j.s.BatchSampleSender: Test Ended on 127.0.0.1
2023-04-06 12:45:40,881 INFO o.a.j.s.DataStrippingSampleSender: Test Ended on 127.0.0.1
2023-04-06 12:45:40,881 INFO o.a.j.s.BatchSampleSender: Test Ended on 127.0.0.1
2023-04-06 12:45:40,881 INFO o.a.j.e.StandardJMeterEngine: Test has ended on host 127.0.0.1 
